<?xml version="1.0" encoding="UTF-8"?>
<!-- Generated by org.testng.reporters.JUnitXMLReporter -->
<testsuite ignored="0" hostname="DESKTOP-NGHB5IM" failures="0" tests="7" name="Default test" time="0.115" errors="0" timestamp="2023-03-30T11:34:35 IST">
  <testcase classname="com.india.user.store.test.PlayListTest" name="testScenario1" time="0.013"/>
  <testcase classname="com.india.user.store.test.PlayListTest" name="testScenario2" time="0.004"/>
  <testcase classname="com.india.user.store.test.PlayListTest" name="testScenario3" time="0.002"/>
  <testcase classname="com.india.user.store.test.PlayListTest" name="testScenario4" time="0.007"/>
  <testcase classname="com.india.user.store.test.PlayListTest" name="testScenario5" time="0.005"/>
  <testcase classname="com.india.user.store.test.PlayListTest" name="testScenario6" time="0.006"/>
  <testcase classname="com.india.user.store.test.PlayListTest" name="testScenario7" time="0.006"/>
</testsuite> <!-- Default test -->
