<?xml version="1.0" encoding="UTF-8"?>
<!-- Generated by org.testng.reporters.JUnitXMLReporter -->
<testsuite ignored="0" hostname="DESKTOP-NGHB5IM" failures="0" tests="7" name="Default test" time="0.082" errors="0" timestamp="2023-03-30T15:50:46 IST">
  <testcase classname="com.india.user.store.test.PlayListTest" name="testScenario1" time="0.012"/>
  <testcase classname="com.india.user.store.test.PlayListTest" name="testScenario2" time="0.002"/>
  <testcase classname="com.india.user.store.test.PlayListTest" name="testScenario3" time="0.001"/>
  <testcase classname="com.india.user.store.test.PlayListTest" name="testScenario4" time="0.003"/>
  <testcase classname="com.india.user.store.test.PlayListTest" name="testScenario5" time="0.002"/>
  <testcase classname="com.india.user.store.test.PlayListTest" name="testScenario6" time="0.002"/>
  <testcase classname="com.india.user.store.test.PlayListTest" name="testScenario7" time="0.001"/>
</testsuite> <!-- Default test -->
