<?xml version="1.0" encoding="UTF-8"?>
<testng-results ignored="0" total="1" passed="1" failed="0" skipped="0">
  <reporter-output>
    <line>
      <![CDATA[Song has been added to Playlist Song1]]>
    </line>
  </reporter-output>
  <suite started-at="2023-03-30T01:48:30 IST" name="Default suite" finished-at="2023-03-30T01:48:30 IST" duration-ms="77">
    <groups>
    </groups>
    <test started-at="2023-03-30T01:48:30 IST" name="Default test" finished-at="2023-03-30T01:48:30 IST" duration-ms="77">
      <class name="com.india.user.store.test.PlayListTest">
        <test-method signature="testScenario1()[pri:0, instance:com.india.user.store.test.PlayListTest@2177849e]" started-at="2023-03-30T01:48:30 IST" name="testScenario1" finished-at="2023-03-30T01:48:30 IST" duration-ms="17" status="PASS">
          <reporter-output>
            <line>
              <![CDATA[Song has been added to Playlist Song1]]>
            </line>
          </reporter-output>
        </test-method> <!-- testScenario1 -->
      </class> <!-- com.india.user.store.test.PlayListTest -->
    </test> <!-- Default test -->
  </suite> <!-- Default suite -->
</testng-results>
